<?xml version="1.0" encoding="utf-8"?><testsuites><testsuite name="pytest" errors="0" failures="0" skipped="0" tests="3" time="0.189" timestamp="2021-01-17T22:22:37.615029" hostname="Lenovo"><testcase classname="tests.conf_ultimate.test_conf_ultimate" name="test_not_existing_path" time="0.002" /><testcase classname="tests.conf_ultimate.test_conf_ultimate" name="test_empty_conf" time="0.001" /><testcase classname="tests.conf_ultimate.test_conf_ultimate" name="test_multiple_file" time="0.004" /></testsuite></testsuites>